2020/11/30 17:04:53 [error] [exception.CHttpException.404] CHttpException: Unable to resolve the request "gii". in C:\xampp\htdocs\yii\framework\web\CWebApplication.php:286
Stack trace:
#0 C:\xampp\htdocs\yii\framework\web\CWebApplication.php(141): CWebApplication->runController('gii')
#1 C:\xampp\htdocs\yii\framework\base\CApplication.php(185): CWebApplication->processRequest()
#2 C:\xampp\htdocs\demo\index.php(13): CApplication->run()
#3 {main}
REQUEST_URI=/demo/index.php?r=gii
---
2020/11/30 19:48:56 [error] [exception.CException] CException: Users and its behaviors do not have a method or closure named "fetchAll". in C:\xampp\htdocs\yii\framework\base\CComponent.php:266
Stack trace:
#0 C:\xampp\htdocs\yii\framework\db\ar\CActiveRecord.php(229): CComponent->__call('fetchAll', Array)
#1 C:\xampp\htdocs\demo\protected\views\site\index.php(13): CActiveRecord->__call('fetchAll', Array)
#2 C:\xampp\htdocs\yii\framework\web\CBaseController.php(126): require('C:\\xampp\\htdocs...')
#3 C:\xampp\htdocs\yii\framework\web\CBaseController.php(95): CBaseController->renderInternal('C:\\xampp\\htdocs...', NULL, true)
#4 C:\xampp\htdocs\yii\framework\web\CController.php(872): CBaseController->renderFile('C:\\xampp\\htdocs...', NULL, true)
#5 C:\xampp\htdocs\yii\framework\web\CController.php(785): CController->renderPartial('index', NULL, true)
#6 C:\xampp\htdocs\demo\protected\controllers\SiteController.php(32): CController->render('index')
#7 C:\xampp\htdocs\yii\framework\web\actions\CInlineAction.php(49): SiteController->actionIndex()
#8 C:\xampp\htdocs\yii\framework\web\CController.php(308): CInlineAction->runWithParams(Array)
#9 C:\xampp\htdocs\yii\framework\web\CController.php(286): CController->runAction(Object(CInlineAction))
#10 C:\xampp\htdocs\yii\framework\web\CController.php(265): CController->runActionWithFilters(Object(CInlineAction), Array)
#11 C:\xampp\htdocs\yii\framework\web\CWebApplication.php(282): CController->run('')
#12 C:\xampp\htdocs\yii\framework\web\CWebApplication.php(141): CWebApplication->runController('')
#13 C:\xampp\htdocs\yii\framework\base\CApplication.php(185): CWebApplication->processRequest()
#14 C:\xampp\htdocs\demo\index.php(13): CApplication->run()
#15 {main}
REQUEST_URI=/demo/index.php
---
2020/11/30 19:49:07 [error] [exception.CException] CException: Users and its behaviors do not have a method or closure named "all". in C:\xampp\htdocs\yii\framework\base\CComponent.php:266
Stack trace:
#0 C:\xampp\htdocs\yii\framework\db\ar\CActiveRecord.php(229): CComponent->__call('all', Array)
#1 C:\xampp\htdocs\demo\protected\views\site\index.php(13): CActiveRecord->__call('all', Array)
#2 C:\xampp\htdocs\yii\framework\web\CBaseController.php(126): require('C:\\xampp\\htdocs...')
#3 C:\xampp\htdocs\yii\framework\web\CBaseController.php(95): CBaseController->renderInternal('C:\\xampp\\htdocs...', NULL, true)
#4 C:\xampp\htdocs\yii\framework\web\CController.php(872): CBaseController->renderFile('C:\\xampp\\htdocs...', NULL, true)
#5 C:\xampp\htdocs\yii\framework\web\CController.php(785): CController->renderPartial('index', NULL, true)
#6 C:\xampp\htdocs\demo\protected\controllers\SiteController.php(32): CController->render('index')
#7 C:\xampp\htdocs\yii\framework\web\actions\CInlineAction.php(49): SiteController->actionIndex()
#8 C:\xampp\htdocs\yii\framework\web\CController.php(308): CInlineAction->runWithParams(Array)
#9 C:\xampp\htdocs\yii\framework\web\CController.php(286): CController->runAction(Object(CInlineAction))
#10 C:\xampp\htdocs\yii\framework\web\CController.php(265): CController->runActionWithFilters(Object(CInlineAction), Array)
#11 C:\xampp\htdocs\yii\framework\web\CWebApplication.php(282): CController->run('')
#12 C:\xampp\htdocs\yii\framework\web\CWebApplication.php(141): CWebApplication->runController('')
#13 C:\xampp\htdocs\yii\framework\base\CApplication.php(185): CWebApplication->processRequest()
#14 C:\xampp\htdocs\demo\index.php(13): CApplication->run()
#15 {main}
REQUEST_URI=/demo/index.php
---
2020/11/30 19:49:12 [error] [exception.CException] CException: Users and its behaviors do not have a method or closure named "fetch". in C:\xampp\htdocs\yii\framework\base\CComponent.php:266
Stack trace:
#0 C:\xampp\htdocs\yii\framework\db\ar\CActiveRecord.php(229): CComponent->__call('fetch', Array)
#1 C:\xampp\htdocs\demo\protected\views\site\index.php(13): CActiveRecord->__call('fetch', Array)
#2 C:\xampp\htdocs\yii\framework\web\CBaseController.php(126): require('C:\\xampp\\htdocs...')
#3 C:\xampp\htdocs\yii\framework\web\CBaseController.php(95): CBaseController->renderInternal('C:\\xampp\\htdocs...', NULL, true)
#4 C:\xampp\htdocs\yii\framework\web\CController.php(872): CBaseController->renderFile('C:\\xampp\\htdocs...', NULL, true)
#5 C:\xampp\htdocs\yii\framework\web\CController.php(785): CController->renderPartial('index', NULL, true)
#6 C:\xampp\htdocs\demo\protected\controllers\SiteController.php(32): CController->render('index')
#7 C:\xampp\htdocs\yii\framework\web\actions\CInlineAction.php(49): SiteController->actionIndex()
#8 C:\xampp\htdocs\yii\framework\web\CController.php(308): CInlineAction->runWithParams(Array)
#9 C:\xampp\htdocs\yii\framework\web\CController.php(286): CController->runAction(Object(CInlineAction))
#10 C:\xampp\htdocs\yii\framework\web\CController.php(265): CController->runActionWithFilters(Object(CInlineAction), Array)
#11 C:\xampp\htdocs\yii\framework\web\CWebApplication.php(282): CController->run('')
#12 C:\xampp\htdocs\yii\framework\web\CWebApplication.php(141): CWebApplication->runController('')
#13 C:\xampp\htdocs\yii\framework\base\CApplication.php(185): CWebApplication->processRequest()
#14 C:\xampp\htdocs\demo\index.php(13): CApplication->run()
#15 {main}
REQUEST_URI=/demo/index.php
---
2020/11/30 19:53:19 [error] [exception.ArgumentCountError] ArgumentCountError: Too few arguments to function CActiveRecord::findByAttributes(), 0 passed in C:\xampp\htdocs\demo\protected\views\site\index.php on line 13 and at least 1 expected in C:\xampp\htdocs\yii\framework\db\ar\CActiveRecord.php:1522
Stack trace:
#0 C:\xampp\htdocs\demo\protected\views\site\index.php(13): CActiveRecord->findByAttributes()
#1 C:\xampp\htdocs\yii\framework\web\CBaseController.php(126): require('C:\\xampp\\htdocs...')
#2 C:\xampp\htdocs\yii\framework\web\CBaseController.php(95): CBaseController->renderInternal('C:\\xampp\\htdocs...', NULL, true)
#3 C:\xampp\htdocs\yii\framework\web\CController.php(872): CBaseController->renderFile('C:\\xampp\\htdocs...', NULL, true)
#4 C:\xampp\htdocs\yii\framework\web\CController.php(785): CController->renderPartial('index', NULL, true)
#5 C:\xampp\htdocs\demo\protected\controllers\SiteController.php(32): CController->render('index')
#6 C:\xampp\htdocs\yii\framework\web\actions\CInlineAction.php(49): SiteController->actionIndex()
#7 C:\xampp\htdocs\yii\framework\web\CController.php(308): CInlineAction->runWithParams(Array)
#8 C:\xampp\htdocs\yii\framework\web\CController.php(286): CController->runAction(Object(CInlineAction))
#9 C:\xampp\htdocs\yii\framework\web\CController.php(265): CController->runActionWithFilters(Object(CInlineAction), Array)
#10 C:\xampp\htdocs\yii\framework\web\CWebApplication.php(282): CController->run('')
#11 C:\xampp\htdocs\yii\framework\web\CWebApplication.php(141): CWebApplication->runController('')
#12 C:\xampp\htdocs\yii\framework\base\CApplication.php(185): CWebApplication->processRequest()
#13 C:\xampp\htdocs\demo\index.php(13): CApplication->run()
#14 {main}
REQUEST_URI=/demo/index.php
---
2020/11/30 19:53:25 [error] [exception.ArgumentCountError] ArgumentCountError: Too few arguments to function CActiveRecord::findByAttributes(), 0 passed in C:\xampp\htdocs\demo\protected\views\site\index.php on line 13 and at least 1 expected in C:\xampp\htdocs\yii\framework\db\ar\CActiveRecord.php:1522
Stack trace:
#0 C:\xampp\htdocs\demo\protected\views\site\index.php(13): CActiveRecord->findByAttributes()
#1 C:\xampp\htdocs\yii\framework\web\CBaseController.php(126): require('C:\\xampp\\htdocs...')
#2 C:\xampp\htdocs\yii\framework\web\CBaseController.php(95): CBaseController->renderInternal('C:\\xampp\\htdocs...', NULL, true)
#3 C:\xampp\htdocs\yii\framework\web\CController.php(872): CBaseController->renderFile('C:\\xampp\\htdocs...', NULL, true)
#4 C:\xampp\htdocs\yii\framework\web\CController.php(785): CController->renderPartial('index', NULL, true)
#5 C:\xampp\htdocs\demo\protected\controllers\SiteController.php(32): CController->render('index')
#6 C:\xampp\htdocs\yii\framework\web\actions\CInlineAction.php(49): SiteController->actionIndex()
#7 C:\xampp\htdocs\yii\framework\web\CController.php(308): CInlineAction->runWithParams(Array)
#8 C:\xampp\htdocs\yii\framework\web\CController.php(286): CController->runAction(Object(CInlineAction))
#9 C:\xampp\htdocs\yii\framework\web\CController.php(265): CController->runActionWithFilters(Object(CInlineAction), Array)
#10 C:\xampp\htdocs\yii\framework\web\CWebApplication.php(282): CController->run('')
#11 C:\xampp\htdocs\yii\framework\web\CWebApplication.php(141): CWebApplication->runController('')
#12 C:\xampp\htdocs\yii\framework\base\CApplication.php(185): CWebApplication->processRequest()
#13 C:\xampp\htdocs\demo\index.php(13): CApplication->run()
#14 {main}
REQUEST_URI=/demo/index.php
---
2020/11/30 19:53:56 [error] [php] Invalid argument supplied for foreach() (C:\xampp\htdocs\yii\framework\db\schema\CDbCommandBuilder.php:673)
Stack trace:
#0 C:\xampp\htdocs\yii\framework\web\CBaseController.php(126): require()
#1 C:\xampp\htdocs\yii\framework\web\CBaseController.php(95): SiteController->renderInternal()
#2 C:\xampp\htdocs\yii\framework\web\CController.php(872): SiteController->renderFile()
#3 C:\xampp\htdocs\yii\framework\web\CController.php(785): SiteController->renderPartial()
#4 C:\xampp\htdocs\demo\protected\controllers\SiteController.php(32): SiteController->render()
#5 C:\xampp\htdocs\yii\framework\web\actions\CInlineAction.php(49): SiteController->actionIndex()
#6 C:\xampp\htdocs\yii\framework\web\CController.php(308): CInlineAction->runWithParams()
#7 C:\xampp\htdocs\yii\framework\web\CController.php(286): SiteController->runAction()
#8 C:\xampp\htdocs\yii\framework\web\CController.php(265): SiteController->runActionWithFilters()
#9 C:\xampp\htdocs\yii\framework\web\CWebApplication.php(282): SiteController->run()
#10 C:\xampp\htdocs\yii\framework\web\CWebApplication.php(141): CWebApplication->runController()
#11 C:\xampp\htdocs\yii\framework\base\CApplication.php(185): CWebApplication->processRequest()
#12 C:\xampp\htdocs\demo\index.php(13): CWebApplication->run()
REQUEST_URI=/demo/index.php
in C:\xampp\htdocs\demo\protected\views\site\index.php (13)
in C:\xampp\htdocs\demo\protected\controllers\SiteController.php (32)
in C:\xampp\htdocs\demo\index.php (13)
2020/11/30 19:54:25 [error] [exception.ArgumentCountError] ArgumentCountError: Too few arguments to function CActiveRecord::findByAttributes(), 0 passed in C:\xampp\htdocs\demo\protected\views\site\index.php on line 13 and at least 1 expected in C:\xampp\htdocs\yii\framework\db\ar\CActiveRecord.php:1522
Stack trace:
#0 C:\xampp\htdocs\demo\protected\views\site\index.php(13): CActiveRecord->findByAttributes()
#1 C:\xampp\htdocs\yii\framework\web\CBaseController.php(126): require('C:\\xampp\\htdocs...')
#2 C:\xampp\htdocs\yii\framework\web\CBaseController.php(95): CBaseController->renderInternal('C:\\xampp\\htdocs...', NULL, true)
#3 C:\xampp\htdocs\yii\framework\web\CController.php(872): CBaseController->renderFile('C:\\xampp\\htdocs...', NULL, true)
#4 C:\xampp\htdocs\yii\framework\web\CController.php(785): CController->renderPartial('index', NULL, true)
#5 C:\xampp\htdocs\demo\protected\controllers\SiteController.php(32): CController->render('index')
#6 C:\xampp\htdocs\yii\framework\web\actions\CInlineAction.php(49): SiteController->actionIndex()
#7 C:\xampp\htdocs\yii\framework\web\CController.php(308): CInlineAction->runWithParams(Array)
#8 C:\xampp\htdocs\yii\framework\web\CController.php(286): CController->runAction(Object(CInlineAction))
#9 C:\xampp\htdocs\yii\framework\web\CController.php(265): CController->runActionWithFilters(Object(CInlineAction), Array)
#10 C:\xampp\htdocs\yii\framework\web\CWebApplication.php(282): CController->run('')
#11 C:\xampp\htdocs\yii\framework\web\CWebApplication.php(141): CWebApplication->runController('')
#12 C:\xampp\htdocs\yii\framework\base\CApplication.php(185): CWebApplication->processRequest()
#13 C:\xampp\htdocs\demo\index.php(13): CApplication->run()
#14 {main}
REQUEST_URI=/demo/index.php
---
2020/11/30 19:55:33 [error] [system.db.CDbCommand] CDbCommand::fetch() failed: SQLSTATE[42000]: Syntax error or access violation: 1064 You have an error in your SQL syntax; check the manual that corresponds to your MariaDB server version for the right syntax to use near '} LIMIT 1' at line 1. The SQL statement executed was: SELECT * FROM `users` `t` WHERE {username} LIMIT 1.
in C:\xampp\htdocs\demo\protected\views\site\index.php (13)
in C:\xampp\htdocs\demo\protected\controllers\SiteController.php (32)
in C:\xampp\htdocs\demo\index.php (13)
2020/11/30 19:55:33 [error] [exception.CDbException] CDbException: CDbCommand failed to execute the SQL statement: SQLSTATE[42000]: Syntax error or access violation: 1064 You have an error in your SQL syntax; check the manual that corresponds to your MariaDB server version for the right syntax to use near '} LIMIT 1' at line 1. The SQL statement executed was: SELECT * FROM `users` `t` WHERE {username} LIMIT 1 in C:\xampp\htdocs\yii\framework\db\CDbCommand.php:543
Stack trace:
#0 C:\xampp\htdocs\yii\framework\db\CDbCommand.php(415): CDbCommand->queryInternal('fetch', Array, Array)
#1 C:\xampp\htdocs\yii\framework\db\ar\CActiveRecord.php(1359): CDbCommand->queryRow()
#2 C:\xampp\htdocs\yii\framework\db\ar\CActiveRecord.php(1464): CActiveRecord->query(Object(CDbCriteria))
#3 C:\xampp\htdocs\demo\protected\views\site\index.php(13): CActiveRecord->find('{username}')
#4 C:\xampp\htdocs\yii\framework\web\CBaseController.php(126): require('C:\\xampp\\htdocs...')
#5 C:\xampp\htdocs\yii\framework\web\CBaseController.php(95): CBaseController->renderInternal('C:\\xampp\\htdocs...', NULL, true)
#6 C:\xampp\htdocs\yii\framework\web\CController.php(872): CBaseController->renderFile('C:\\xampp\\htdocs...', NULL, true)
#7 C:\xampp\htdocs\yii\framework\web\CController.php(785): CController->renderPartial('index', NULL, true)
#8 C:\xampp\htdocs\demo\protected\controllers\SiteController.php(32): CController->render('index')
#9 C:\xampp\htdocs\yii\framework\web\actions\CInlineAction.php(49): SiteController->actionIndex()
#10 C:\xampp\htdocs\yii\framework\web\CController.php(308): CInlineAction->runWithParams(Array)
#11 C:\xampp\htdocs\yii\framework\web\CController.php(286): CController->runAction(Object(CInlineAction))
#12 C:\xampp\htdocs\yii\framework\web\CController.php(265): CController->runActionWithFilters(Object(CInlineAction), Array)
#13 C:\xampp\htdocs\yii\framework\web\CWebApplication.php(282): CController->run('')
#14 C:\xampp\htdocs\yii\framework\web\CWebApplication.php(141): CWebApplication->runController('')
#15 C:\xampp\htdocs\yii\framework\base\CApplication.php(185): CWebApplication->processRequest()
#16 C:\xampp\htdocs\demo\index.php(13): CApplication->run()
#17 {main}
REQUEST_URI=/demo/index.php
---
2020/11/30 20:06:54 [error] [exception.Error] Error: Object of class Users could not be converted to string in C:\xampp\htdocs\demo\protected\views\user\index.php:15
Stack trace:
#0 C:\xampp\htdocs\yii\framework\web\CBaseController.php(126): require()
#1 C:\xampp\htdocs\yii\framework\web\CBaseController.php(95): CBaseController->renderInternal('C:\\xampp\\htdocs...', Array, true)
#2 C:\xampp\htdocs\yii\framework\web\CController.php(872): CBaseController->renderFile('C:\\xampp\\htdocs...', Array, true)
#3 C:\xampp\htdocs\yii\framework\web\CController.php(785): CController->renderPartial('index', Array, true)
#4 C:\xampp\htdocs\demo\protected\controllers\UserController.php(9): CController->render('index', Array)
#5 C:\xampp\htdocs\yii\framework\web\actions\CInlineAction.php(49): UserController->actionIndex()
#6 C:\xampp\htdocs\yii\framework\web\CController.php(308): CInlineAction->runWithParams(Array)
#7 C:\xampp\htdocs\yii\framework\web\CController.php(286): CController->runAction(Object(CInlineAction))
#8 C:\xampp\htdocs\yii\framework\web\CController.php(265): CController->runActionWithFilters(Object(CInlineAction), Array)
#9 C:\xampp\htdocs\yii\framework\web\CWebApplication.php(282): CController->run('index')
#10 C:\xampp\htdocs\yii\framework\web\CWebApplication.php(141): CWebApplication->runController('User/index')
#11 C:\xampp\htdocs\yii\framework\base\CApplication.php(185): CWebApplication->processRequest()
#12 C:\xampp\htdocs\demo\index.php(13): CApplication->run()
#13 {main}
REQUEST_URI=/demo/index.php?r=User/index
---
2020/11/30 20:13:10 [error] [exception.CHttpException.403] CHttpException: You are not authorized to perform this action. in C:\xampp\htdocs\yii\framework\web\auth\CAccessControlFilter.php:183
Stack trace:
#0 C:\xampp\htdocs\yii\framework\web\auth\CAccessControlFilter.php(145): CAccessControlFilter->accessDenied(Object(CWebUser), 'You are not aut...')
#1 C:\xampp\htdocs\yii\framework\web\filters\CFilter.php(38): CAccessControlFilter->preFilter(Object(CFilterChain))
#2 C:\xampp\htdocs\yii\framework\web\CController.php(1148): CFilter->filter(Object(CFilterChain))
#3 C:\xampp\htdocs\yii\framework\web\filters\CInlineFilter.php(58): CController->filterAccessControl(Object(CFilterChain))
#4 C:\xampp\htdocs\yii\framework\web\filters\CFilterChain.php(131): CInlineFilter->filter(Object(CFilterChain))
#5 C:\xampp\htdocs\yii\framework\web\CController.php(291): CFilterChain->run()
#6 C:\xampp\htdocs\yii\framework\web\CController.php(265): CController->runActionWithFilters(Object(CInlineAction), Array)
#7 C:\xampp\htdocs\yii\framework\web\CWebApplication.php(282): CController->run('admin')
#8 C:\xampp\htdocs\yii\framework\web\CWebApplication.php(141): CWebApplication->runController('users/admin')
#9 C:\xampp\htdocs\yii\framework\base\CApplication.php(185): CWebApplication->processRequest()
#10 C:\xampp\htdocs\demo\index.php(13): CApplication->run()
#11 {main}
REQUEST_URI=/demo/index.php?r=users/admin
HTTP_REFERER=http://localhost:8080/demo/index.php?r=site/login
---
2020/11/30 20:13:36 [error] [exception.CHttpException.403] CHttpException: You are not authorized to perform this action. in C:\xampp\htdocs\yii\framework\web\auth\CAccessControlFilter.php:183
Stack trace:
#0 C:\xampp\htdocs\yii\framework\web\auth\CAccessControlFilter.php(145): CAccessControlFilter->accessDenied(Object(CWebUser), 'You are not aut...')
#1 C:\xampp\htdocs\yii\framework\web\filters\CFilter.php(38): CAccessControlFilter->preFilter(Object(CFilterChain))
#2 C:\xampp\htdocs\yii\framework\web\CController.php(1148): CFilter->filter(Object(CFilterChain))
#3 C:\xampp\htdocs\yii\framework\web\filters\CInlineFilter.php(58): CController->filterAccessControl(Object(CFilterChain))
#4 C:\xampp\htdocs\yii\framework\web\filters\CFilterChain.php(131): CInlineFilter->filter(Object(CFilterChain))
#5 C:\xampp\htdocs\yii\framework\web\CController.php(291): CFilterChain->run()
#6 C:\xampp\htdocs\yii\framework\web\CController.php(265): CController->runActionWithFilters(Object(CInlineAction), Array)
#7 C:\xampp\htdocs\yii\framework\web\CWebApplication.php(282): CController->run('admin')
#8 C:\xampp\htdocs\yii\framework\web\CWebApplication.php(141): CWebApplication->runController('users/admin')
#9 C:\xampp\htdocs\yii\framework\base\CApplication.php(185): CWebApplication->processRequest()
#10 C:\xampp\htdocs\demo\index.php(13): CApplication->run()
#11 {main}
REQUEST_URI=/demo/index.php?r=users/admin
HTTP_REFERER=http://localhost:8080/demo/index.php?r=site/login
---
2020/11/30 20:24:58 [error] [php] Array to string conversion (C:\xampp\htdocs\demo\protected\controllers\UsersController.php:73)
Stack trace:
#0 C:\xampp\htdocs\yii\framework\web\filters\CFilterChain.php(134): UsersController->runAction()
#1 C:\xampp\htdocs\yii\framework\web\filters\CFilter.php(40): CFilterChain->run()
#2 C:\xampp\htdocs\yii\framework\web\CController.php(1148): CAccessControlFilter->filter()
#3 C:\xampp\htdocs\yii\framework\web\filters\CInlineFilter.php(58): UsersController->filterAccessControl()
#4 C:\xampp\htdocs\yii\framework\web\filters\CFilterChain.php(131): CInlineFilter->filter()
#5 C:\xampp\htdocs\yii\framework\web\CController.php(291): CFilterChain->run()
#6 C:\xampp\htdocs\yii\framework\web\CController.php(265): UsersController->runActionWithFilters()
#7 C:\xampp\htdocs\yii\framework\web\CWebApplication.php(282): UsersController->run()
#8 C:\xampp\htdocs\yii\framework\web\CWebApplication.php(141): CWebApplication->runController()
#9 C:\xampp\htdocs\yii\framework\base\CApplication.php(185): CWebApplication->processRequest()
#10 C:\xampp\htdocs\demo\index.php(13): CWebApplication->run()
REQUEST_URI=/demo/index.php?r=users/create
in C:\xampp\htdocs\demo\protected\controllers\UsersController.php (73)
in C:\xampp\htdocs\demo\index.php (13)
2020/11/30 20:25:13 [error] [php] Array to string conversion (C:\xampp\htdocs\demo\protected\controllers\UsersController.php:73)
Stack trace:
#0 C:\xampp\htdocs\yii\framework\web\filters\CFilterChain.php(134): UsersController->runAction()
#1 C:\xampp\htdocs\yii\framework\web\filters\CFilter.php(40): CFilterChain->run()
#2 C:\xampp\htdocs\yii\framework\web\CController.php(1148): CAccessControlFilter->filter()
#3 C:\xampp\htdocs\yii\framework\web\filters\CInlineFilter.php(58): UsersController->filterAccessControl()
#4 C:\xampp\htdocs\yii\framework\web\filters\CFilterChain.php(131): CInlineFilter->filter()
#5 C:\xampp\htdocs\yii\framework\web\CController.php(291): CFilterChain->run()
#6 C:\xampp\htdocs\yii\framework\web\CController.php(265): UsersController->runActionWithFilters()
#7 C:\xampp\htdocs\yii\framework\web\CWebApplication.php(282): UsersController->run()
#8 C:\xampp\htdocs\yii\framework\web\CWebApplication.php(141): CWebApplication->runController()
#9 C:\xampp\htdocs\yii\framework\base\CApplication.php(185): CWebApplication->processRequest()
#10 C:\xampp\htdocs\demo\index.php(13): CWebApplication->run()
REQUEST_URI=/demo/index.php?r=users/create
in C:\xampp\htdocs\demo\protected\controllers\UsersController.php (73)
in C:\xampp\htdocs\demo\index.php (13)
2020/11/30 20:25:45 [error] [php] Undefined index: ID (C:\xampp\htdocs\demo\protected\controllers\UsersController.php:73)
Stack trace:
#0 C:\xampp\htdocs\yii\framework\web\filters\CFilterChain.php(134): UsersController->runAction()
#1 C:\xampp\htdocs\yii\framework\web\filters\CFilter.php(40): CFilterChain->run()
#2 C:\xampp\htdocs\yii\framework\web\CController.php(1148): CAccessControlFilter->filter()
#3 C:\xampp\htdocs\yii\framework\web\filters\CInlineFilter.php(58): UsersController->filterAccessControl()
#4 C:\xampp\htdocs\yii\framework\web\filters\CFilterChain.php(131): CInlineFilter->filter()
#5 C:\xampp\htdocs\yii\framework\web\CController.php(291): CFilterChain->run()
#6 C:\xampp\htdocs\yii\framework\web\CController.php(265): UsersController->runActionWithFilters()
#7 C:\xampp\htdocs\yii\framework\web\CWebApplication.php(282): UsersController->run()
#8 C:\xampp\htdocs\yii\framework\web\CWebApplication.php(141): CWebApplication->runController()
#9 C:\xampp\htdocs\yii\framework\base\CApplication.php(185): CWebApplication->processRequest()
#10 C:\xampp\htdocs\demo\index.php(13): CWebApplication->run()
REQUEST_URI=/demo/index.php?r=users/create
in C:\xampp\htdocs\demo\protected\controllers\UsersController.php (73)
in C:\xampp\htdocs\demo\index.php (13)
2020/11/30 20:25:49 [error] [php] Undefined index: id (C:\xampp\htdocs\demo\protected\controllers\UsersController.php:73)
Stack trace:
#0 C:\xampp\htdocs\yii\framework\web\filters\CFilterChain.php(134): UsersController->runAction()
#1 C:\xampp\htdocs\yii\framework\web\filters\CFilter.php(40): CFilterChain->run()
#2 C:\xampp\htdocs\yii\framework\web\CController.php(1148): CAccessControlFilter->filter()
#3 C:\xampp\htdocs\yii\framework\web\filters\CInlineFilter.php(58): UsersController->filterAccessControl()
#4 C:\xampp\htdocs\yii\framework\web\filters\CFilterChain.php(131): CInlineFilter->filter()
#5 C:\xampp\htdocs\yii\framework\web\CController.php(291): CFilterChain->run()
#6 C:\xampp\htdocs\yii\framework\web\CController.php(265): UsersController->runActionWithFilters()
#7 C:\xampp\htdocs\yii\framework\web\CWebApplication.php(282): UsersController->run()
#8 C:\xampp\htdocs\yii\framework\web\CWebApplication.php(141): CWebApplication->runController()
#9 C:\xampp\htdocs\yii\framework\base\CApplication.php(185): CWebApplication->processRequest()
#10 C:\xampp\htdocs\demo\index.php(13): CWebApplication->run()
REQUEST_URI=/demo/index.php?r=users/create
in C:\xampp\htdocs\demo\protected\controllers\UsersController.php (73)
in C:\xampp\htdocs\demo\index.php (13)
2020/11/30 20:28:04 [error] [php] Array to string conversion (C:\xampp\htdocs\demo\protected\controllers\UsersController.php:73)
Stack trace:
#0 C:\xampp\htdocs\yii\framework\web\filters\CFilterChain.php(134): UsersController->runAction()
#1 C:\xampp\htdocs\yii\framework\web\filters\CFilter.php(40): CFilterChain->run()
#2 C:\xampp\htdocs\yii\framework\web\CController.php(1148): CAccessControlFilter->filter()
#3 C:\xampp\htdocs\yii\framework\web\filters\CInlineFilter.php(58): UsersController->filterAccessControl()
#4 C:\xampp\htdocs\yii\framework\web\filters\CFilterChain.php(131): CInlineFilter->filter()
#5 C:\xampp\htdocs\yii\framework\web\CController.php(291): CFilterChain->run()
#6 C:\xampp\htdocs\yii\framework\web\CController.php(265): UsersController->runActionWithFilters()
#7 C:\xampp\htdocs\yii\framework\web\CWebApplication.php(282): UsersController->run()
#8 C:\xampp\htdocs\yii\framework\web\CWebApplication.php(141): CWebApplication->runController()
#9 C:\xampp\htdocs\yii\framework\base\CApplication.php(185): CWebApplication->processRequest()
#10 C:\xampp\htdocs\demo\index.php(13): CWebApplication->run()
REQUEST_URI=/demo/index.php?r=users/create
in C:\xampp\htdocs\demo\protected\controllers\UsersController.php (73)
in C:\xampp\htdocs\demo\index.php (13)
